w:\大三上\图形学\ray\ray\ray\x64\debug\vc140.pdb
w:\大三上\图形学\ray\ray\ray\x64\debug\vc140.idb
w:\大三上\图形学\ray\ray\ray\x64\debug\ball.obj
w:\大三上\图形学\ray\ray\ray\x64\debug\bezier.obj
w:\大三上\图形学\ray\ray\ray\x64\debug\camera.obj
w:\大三上\图形学\ray\ray\ray\x64\debug\main.obj
w:\大三上\图形学\ray\ray\ray\x64\debug\scene.obj
w:\大三上\图形学\ray\ray\ray\x64\debug\texture.obj
w:\大三上\图形学\ray\ray\ray\x64\debug\triangle.obj
w:\大三上\图形学\ray\ray\ray\x64\debug\types.obj
w:\大三上\图形学\ray\ray\ray\x64\debug\poly.obj
w:\大三上\杂项\ray-master\ray\x64\debug\vc140.pdb
w:\大三上\杂项\ray-master\ray\x64\debug\vc140.idb
w:\大三上\杂项\ray-master\ray\x64\debug\ball.obj
w:\大三上\杂项\ray-master\ray\x64\debug\bezier.obj
w:\大三上\杂项\ray-master\ray\x64\debug\camera.obj
w:\大三上\杂项\ray-master\ray\x64\debug\main.obj
w:\大三上\杂项\ray-master\ray\x64\debug\scene.obj
w:\大三上\杂项\ray-master\ray\x64\debug\texture.obj
w:\大三上\杂项\ray-master\ray\x64\debug\triangle.obj
w:\大三上\杂项\ray-master\ray\x64\debug\types.obj
w:\大三上\杂项\ray-master\ray\x64\debug\poly.obj
w:\大三上\杂项\ray-master\x64\debug\raytrace.exe
w:\大三上\杂项\ray-master\x64\debug\raytrace.pdb
w:\大三上\图形学\ray\ray\x64\debug\raytrace.exe
w:\大三上\图形学\ray\ray\x64\debug\raytrace.pdb
w:\大三上\图形学\ray\ray\ray\x64\debug\raytrace.tlog\cl.command.1.tlog
w:\大三上\图形学\ray\ray\ray\x64\debug\raytrace.tlog\cl.read.1.tlog
w:\大三上\图形学\ray\ray\ray\x64\debug\raytrace.tlog\cl.write.1.tlog
w:\大三上\图形学\ray\ray\ray\x64\debug\raytrace.tlog\link.command.1.tlog
w:\大三上\图形学\ray\ray\ray\x64\debug\raytrace.tlog\link.read.1.tlog
w:\大三上\图形学\ray\ray\ray\x64\debug\raytrace.tlog\link.write.1.tlog
